app/build/outputs/logs/manifest-merger-debug-report.txt
-- Merging decision tree log ---
manifest
ADDED from src\main\AndroidManifest.xml:2:1-27:12
	package
		ADDED from src\main\AndroidManifest.xml:3:3-55
		INJECTED from src\main\AndroidManifest.xml
		INJECTED from src\main\AndroidManifest.xml
	android:versionName
		ADDED from src\main\AndroidManifest.xml:5:3-28
		INJECTED from src\main\AndroidManifest.xml
		INJECTED from src\main\AndroidManifest.xml
	android:versionCode
		ADDED from src\main\AndroidManifest.xml:4:3-26
		INJECTED from src\main\AndroidManifest.xml
		INJECTED from src\main\AndroidManifest.xml
	xmlns:android
		ADDED from src\main\AndroidManifest.xml:2:11-69
uses-sdk
ADDED from src\main\AndroidManifest.xml:6:3-8:37
	android:targetSdkVersion
		ADDED from src\main\AndroidManifest.xml:8:5-34
		INJECTED from src\main\AndroidManifest.xml
		INJECTED from src\main\AndroidManifest.xml
	android:minSdkVersion
		ADDED from src\main\AndroidManifest.xml:7:5-30
		INJECTED from src\main\AndroidManifest.xml
		INJECTED from src\main\AndroidManifest.xml
uses-permission#android.permission.INTERNET
ADDED from src\main\AndroidManifest.xml:9:3-64
	android:name
		ADDED from src\main\AndroidManifest.xml:9:20-62
application
ADDED from src\main\AndroidManifest.xml:10:3-25:17
	android:label
		ADDED from src\main\AndroidManifest.xml:14:5-37
	android:allowBackup
		ADDED from src\main\AndroidManifest.xml:12:5-31
	android:icon
		ADDED from src\main\AndroidManifest.xml:13:5-34
	android:theme
		ADDED from src\main\AndroidManifest.xml:15:5-36
	android:name
		ADDED from src\main\AndroidManifest.xml:11:7-53
activity#com.mazouzi.trendingRepos.activities.Start_Activity
ADDED from src\main\AndroidManifest.xml:16:5-24:14
	android:label
		ADDED from src\main\AndroidManifest.xml:18:7-39
	android:name
		ADDED from src\main\AndroidManifest.xml:17:7-73
intent-filter#android.intent.action.MAIN+android.intent.category.LAUNCHER
ADDED from src\main\AndroidManifest.xml:19:5-23:21
action#android.intent.action.MAIN
ADDED from src\main\AndroidManifest.xml:20:7-59
	android:name
		ADDED from src\main\AndroidManifest.xml:20:15-56
category#android.intent.category.LAUNCHER
ADDED from src\main\AndroidManifest.xml:22:7-67
	android:name
		ADDED from src\main\AndroidManifest.xml:22:17-64